{"name": "Открываем окно с деталями заказа", "status": "broken", "statusDetails": {"message": "selenium.common.exceptions.TimeoutException: Message:", "trace": "self = <tests.test_orders_feed_page.TestsOrdersFeedPage object at 0x0000029D5813BD70>, header_page = <pages.header_page.HeaderPage object at 0x0000029D5873CB90>\naccount_page = <pages.account_page.AccountPage object at 0x0000029D5873EF60>, main_page = <pages.main_page.MainPage object at 0x0000029D5873D0D0>\norders_feed_page = <pages.orders_feed_page.OrdersFeedPage object at 0x0000029D5873F260>\nuser_credentials = {'accessToken': 'Bearer eyJhbGciOiJIUzI1NiIsInR5cCI6IkpXVCJ9.eyJpZCI6IjY2YTI4OWM0OWVkMjgwMDAxYjQ3YzMwMSIsImlhdCI6MTcyM...nqcKQ6XfoSg14Onx0_QR2vaE6URUWP0_a0oc', 'email': 'borrwbollq@yandex.ru', 'name': 'hlwpkognhx', 'password': 'sqrlqofdmo'}\n\n    @allure.title('Открываем окно с деталями заказа')\n    @allure.description('Логинимся, выполняем заказ, переходим в ленту заказов, '\n                        'кликаем на заказе и проверяем, что открылось окно с деталями')\n    def test_open_order_info(self, header_page, account_page,\n                                   main_page, orders_feed_page, user_credentials):\n        # логинимся\n        header_page.move_to_account()\n        account_page.wait_login_form()\n        account_page.fill_login_form(user_credentials['email'], user_credentials['password'])\n        main_page.wait_page_loading()\n    \n        # делаем заказ\n        main_page.add_ingredients_to_order(data.INGREDIENT_HASH)\n        main_page.click_order_button()\n>       main_page.get_order_id()\n\ntests\\test_orders_feed_page.py:137: \n_ _ _ _ _ _ _ _ _ _ _ _ _ _ _ _ _ _ _ _ _ _ _ _ _ _ _ _ _ _ _ _ _ _ _ _ _ _ _ _ _ _ _ _ _ _ _ _ _ _ _ _ _ _ _ _ _ _ _ _ _ _ _ _ _ _ _ _ _ _ _ _ _ _ _ _ _ _ _ _ _ _ _ _ _ _ _ _ _ _\npages\\main_page.py:64: in get_order_id\n    return self.wait_correct_order_number(locators.ORDER_NUMBER)\npages\\base_page.py:62: in wait_correct_order_number\n    WebDriverWait(self.driver, 30).until_not(\n_ _ _ _ _ _ _ _ _ _ _ _ _ _ _ _ _ _ _ _ _ _ _ _ _ _ _ _ _ _ _ _ _ _ _ _ _ _ _ _ _ _ _ _ _ _ _ _ _ _ _ _ _ _ _ _ _ _ _ _ _ _ _ _ _ _ _ _ _ _ _ _ _ _ _ _ _ _ _ _ _ _ _ _ _ _ _ _ _ _\n\nself = <selenium.webdriver.support.wait.WebDriverWait (session=\"7e2d8383-0f63-4745-bc56-31bf504b0f10\")>\nmethod = <function BasePage.wait_correct_order_number.<locals>.<lambda> at 0x0000029D586D0A40>, message = ''\n\n    def until_not(self, method: Callable[[D], T], message: str = \"\") -> Union[T, Literal[True]]:\n        \"\"\"Calls the method provided with the driver as an argument until the \\\n        return value evaluates to ``False``.\n    \n        :param method: callable(WebDriver)\n        :param message: optional message for :exc:`TimeoutException`\n        :returns: the result of the last call to `method`, or\n                  ``True`` if `method` has raised one of the ignored exceptions\n        :raises: :exc:`selenium.common.exceptions.TimeoutException` if timeout occurs\n        \"\"\"\n        end_time = time.monotonic() + self._timeout\n        while True:\n            try:\n                value = method(self._driver)\n                if not value:\n                    return value\n            except self._ignored_exceptions:\n                return True\n            time.sleep(self._poll)\n            if time.monotonic() > end_time:\n                break\n>       raise TimeoutException(message)\nE       selenium.common.exceptions.TimeoutException: Message:\n\n..\\..\\AppData\\Local\\Programs\\Python\\Python312\\Lib\\site-packages\\selenium\\webdriver\\support\\wait.py:128: TimeoutException"}, "description": "Логинимся, выполняем заказ, переходим в ленту заказов, кликаем на заказе и проверяем, что открылось окно с деталями", "steps": [{"name": "Переходим по кнопке \"Личный кабинет\"", "status": "passed", "steps": [{"name": "Кликаем по элементу", "status": "passed", "parameters": [{"name": "locator", "value": "('xpath', \"//p[text()='Личный Кабинет']\")"}], "start": 1721928132885, "stop": 1721928134017}], "start": 1721928132885, "stop": 1721928134017}, {"name": "Ждём появления формы логина", "status": "passed", "steps": [{"name": "Находим элемент", "status": "passed", "parameters": [{"name": "locator", "value": "('xpath', \"//h2[text()='Вход']\")"}, {"name": "timeout", "value": "10"}], "start": 1721928134018, "stop": 1721928134048}], "start": 1721928134017, "stop": 1721928134048}, {"name": "Получение текста заголовка формы логина", "status": "passed", "steps": [{"name": "Вводим текст", "status": "passed", "steps": [{"name": "Находим элемент", "status": "passed", "parameters": [{"name": "locator", "value": "('name', 'name')"}, {"name": "timeout", "value": "10"}], "start": 1721928134048, "stop": 1721928134100}], "parameters": [{"name": "locator", "value": "('name', 'name')"}, {"name": "text", "value": "'borrwbollq@yandex.ru'"}], "start": 1721928134048, "stop": 1721928134792}, {"name": "Вводим текст", "status": "passed", "steps": [{"name": "Находим элемент", "status": "passed", "parameters": [{"name": "locator", "value": "('name', 'Пароль')"}, {"name": "timeout", "value": "10"}], "start": 1721928134792, "stop": 1721928134840}], "parameters": [{"name": "locator", "value": "('name', 'Пароль')"}, {"name": "text", "value": "'sqrlqofdmo'"}], "start": 1721928134792, "stop": 1721928134881}, {"name": "Кликаем по элементу", "status": "passed", "parameters": [{"name": "locator", "value": "('xpath', \"//button[text()='Войти']\")"}], "start": 1721928134881, "stop": 1721928135171}], "parameters": [{"name": "email", "value": "'borrwbollq@yandex.ru'"}, {"name": "password", "value": "'sqrlqofdmo'"}], "start": 1721928134048, "stop": 1721928135171}, {"name": "Ждём перехода на главную страницу", "status": "passed", "steps": [{"name": "Находим элемент", "status": "passed", "parameters": [{"name": "locator", "value": "('xpath', \"//h1[text()='Соберите бургер']\")"}, {"name": "timeout", "value": "10"}], "start": 1721928135171, "stop": 1721928135208}], "start": 1721928135171, "stop": 1721928135209}, {"name": "Добавляем ингредиент в заказ", "status": "passed", "steps": [{"name": "Перетаскиваем элемент", "status": "passed", "steps": [{"name": "Находим элемент", "status": "passed", "parameters": [{"name": "locator", "value": "('xpath', \".//a[@href='/ingredient/61c0c5a71d1f82001bdaaa6d']\")"}, {"name": "timeout", "value": "10"}], "start": 1721928135210, "stop": 1721928135242}, {"name": "Находим элемент", "status": "passed", "parameters": [{"name": "locator", "value": "('xpath', \".//ul[contains(@class, 'BurgerConstructor_basket__list')]\")"}, {"name": "timeout", "value": "10"}], "start": 1721928135242, "stop": 1721928135260}], "parameters": [{"name": "src_locator", "value": "('xpath', \".//a[@href='/ingredient/61c0c5a71d1f82001bdaaa6d']\")"}, {"name": "dst_locator", "value": "('xpath', \".//ul[contains(@class, 'BurgerConstructor_basket__list')]\")"}], "start": 1721928135210, "stop": 1721928135806}], "parameters": [{"name": "ingredient_hash", "value": "'61c0c5a71d1f82001bdaaa6d'"}], "start": 1721928135210, "stop": 1721928135806}, {"name": "Кликаем по кнопке \"Оформить заказ\"", "status": "passed", "steps": [{"name": "Кликаем по элементу", "status": "passed", "parameters": [{"name": "locator", "value": "('xpath', \".//button[text() = 'Оформить заказ']\")"}], "start": 1721928135806, "stop": 1721928136106}], "start": 1721928135806, "stop": 1721928136106}, {"name": "Получаем id заказа", "status": "broken", "statusDetails": {"message": "selenium.common.exceptions.TimeoutException: Message: \n\n", "trace": "  File \"C:\\Users\\Laffy\\PycharmProjects\\Diplom_3\\.venv\\Lib\\site-packages\\allure_commons\\_allure.py\", line 192, in impl\n    return func(*a, **kw)\n           ^^^^^^^^^^^^^^\n  File \"C:\\Users\\Laffy\\PycharmProjects\\Diplom_3\\pages\\main_page.py\", line 64, in get_order_id\n    return self.wait_correct_order_number(locators.ORDER_NUMBER)\n           ^^^^^^^^^^^^^^^^^^^^^^^^^^^^^^^^^^^^^^^^^^^^^^^^^^^^^\n  File \"C:\\Users\\Laffy\\PycharmProjects\\Diplom_3\\pages\\base_page.py\", line 62, in wait_correct_order_number\n    WebDriverWait(self.driver, 30).until_not(\n  File \"C:\\Users\\Laffy\\AppData\\Local\\Programs\\Python\\Python312\\Lib\\site-packages\\selenium\\webdriver\\support\\wait.py\", line 128, in until_not\n    raise TimeoutException(message)\n"}, "start": 1721928136106, "stop": 1721928166137}], "parameters": [{"name": "driver", "value": "'firefox'"}], "start": 1721928132885, "stop": 1721928166183, "uuid": "42fb4e36-d253-490d-b0cd-a86d60ae4388", "historyId": "5700d301ec74e789c960ccd23fe49330", "testCaseId": "921db2b3ad8885d3e1c2e6c49eefe5a5", "fullName": "tests.test_orders_feed_page.TestsOrdersFeedPage#test_open_order_info", "labels": [{"name": "suite", "value": "Тесты ленты заказов"}, {"name": "parentSuite", "value": "tests"}, {"name": "subSuite", "value": "TestsOrdersFeedPage"}, {"name": "host", "value": "LAPTOP-VA807S6M"}, {"name": "thread", "value": "87788-MainThread"}, {"name": "framework", "value": "pytest"}, {"name": "language", "value": "cpython3"}, {"name": "package", "value": "tests.test_orders_feed_page"}]}