{"name": "Проверяем, что заказ есть в разделе \"в работе\"", "status": "broken", "statusDetails": {"message": "selenium.common.exceptions.TimeoutException: Message:", "trace": "self = <tests.test_orders_feed_page.TestsOrdersFeedPage object at 0x0000029D5813B980>, header_page = <pages.header_page.HeaderPage object at 0x0000029D581C2660>\naccount_page = <pages.account_page.AccountPage object at 0x0000029D581C1100>, main_page = <pages.main_page.MainPage object at 0x0000029D581C06E0>\norders_feed_page = <pages.orders_feed_page.OrdersFeedPage object at 0x0000029D581C28A0>\nuser_credentials = {'accessToken': 'Bearer eyJhbGciOiJIUzI1NiIsInR5cCI6IkpXVCJ9.eyJpZCI6IjY2YTI4OTY2OWVkMjgwMDAxYjQ3YzJlZSIsImlhdCI6MTcyM...yip2ELiaFNBFEqbjzjd9qGBTGV8ZHM79pua8', 'email': 'zskkvsjnxx@yandex.ru', 'name': 'kjtnqeejrk', 'password': 'aapgyxocsk'}\n\n    @allure.title('Проверяем, что заказ есть в разделе \"в работе\"')\n    @allure.description('Логинимся, выполняем заказ и проверяем, что он есть в разделе \"в работе\" ленты заказов')\n    def test_order_is_in_work_list(self, header_page, account_page,\n                                   main_page, orders_feed_page, user_credentials):\n        # логинимся\n        header_page.move_to_account()\n        account_page.wait_login_form()\n        account_page.fill_login_form(user_credentials['email'], user_credentials['password'])\n        main_page.wait_page_loading()\n    \n        # делаем заказ\n        main_page.add_ingredients_to_order(data.INGREDIENT_HASH)\n        main_page.click_order_button()\n>       order_id = main_page.get_order_id()\n\ntests\\test_orders_feed_page.py:112: \n_ _ _ _ _ _ _ _ _ _ _ _ _ _ _ _ _ _ _ _ _ _ _ _ _ _ _ _ _ _ _ _ _ _ _ _ _ _ _ _ _ _ _ _ _ _ _ _ _ _ _ _ _ _ _ _ _ _ _ _ _ _ _ _ _ _ _ _ _ _ _ _ _ _ _ _ _ _ _ _ _ _ _ _ _ _ _ _ _ _\npages\\main_page.py:64: in get_order_id\n    return self.wait_correct_order_number(locators.ORDER_NUMBER)\npages\\base_page.py:62: in wait_correct_order_number\n    WebDriverWait(self.driver, 30).until_not(\n_ _ _ _ _ _ _ _ _ _ _ _ _ _ _ _ _ _ _ _ _ _ _ _ _ _ _ _ _ _ _ _ _ _ _ _ _ _ _ _ _ _ _ _ _ _ _ _ _ _ _ _ _ _ _ _ _ _ _ _ _ _ _ _ _ _ _ _ _ _ _ _ _ _ _ _ _ _ _ _ _ _ _ _ _ _ _ _ _ _\n\nself = <selenium.webdriver.support.wait.WebDriverWait (session=\"25f73e18-7165-4c42-bf26-5baf30f3d998\")>\nmethod = <function BasePage.wait_correct_order_number.<locals>.<lambda> at 0x0000029D581F5BC0>, message = ''\n\n    def until_not(self, method: Callable[[D], T], message: str = \"\") -> Union[T, Literal[True]]:\n        \"\"\"Calls the method provided with the driver as an argument until the \\\n        return value evaluates to ``False``.\n    \n        :param method: callable(WebDriver)\n        :param message: optional message for :exc:`TimeoutException`\n        :returns: the result of the last call to `method`, or\n                  ``True`` if `method` has raised one of the ignored exceptions\n        :raises: :exc:`selenium.common.exceptions.TimeoutException` if timeout occurs\n        \"\"\"\n        end_time = time.monotonic() + self._timeout\n        while True:\n            try:\n                value = method(self._driver)\n                if not value:\n                    return value\n            except self._ignored_exceptions:\n                return True\n            time.sleep(self._poll)\n            if time.monotonic() > end_time:\n                break\n>       raise TimeoutException(message)\nE       selenium.common.exceptions.TimeoutException: Message:\n\n..\\..\\AppData\\Local\\Programs\\Python\\Python312\\Lib\\site-packages\\selenium\\webdriver\\support\\wait.py:128: TimeoutException"}, "description": "Логинимся, выполняем заказ и проверяем, что он есть в разделе \"в работе\" ленты заказов", "steps": [{"name": "Переходим по кнопке \"Личный кабинет\"", "status": "passed", "steps": [{"name": "Кликаем по элементу", "status": "passed", "parameters": [{"name": "locator", "value": "('xpath', \"//p[text()='Личный Кабинет']\")"}], "start": 1721928038591, "stop": 1721928039165}], "start": 1721928038591, "stop": 1721928039165}, {"name": "Ждём появления формы логина", "status": "passed", "steps": [{"name": "Находим элемент", "status": "passed", "parameters": [{"name": "locator", "value": "('xpath', \"//h2[text()='Вход']\")"}, {"name": "timeout", "value": "10"}], "start": 1721928039165, "stop": 1721928039181}], "start": 1721928039165, "stop": 1721928039182}, {"name": "Получение текста заголовка формы логина", "status": "passed", "steps": [{"name": "Вводим текст", "status": "passed", "steps": [{"name": "Находим элемент", "status": "passed", "parameters": [{"name": "locator", "value": "('name', 'name')"}, {"name": "timeout", "value": "10"}], "start": 1721928039182, "stop": 1721928039198}], "parameters": [{"name": "locator", "value": "('name', 'name')"}, {"name": "text", "value": "'zskkvsjnxx@yandex.ru'"}], "start": 1721928039182, "stop": 1721928039511}, {"name": "Вводим текст", "status": "passed", "steps": [{"name": "Находим элемент", "status": "passed", "parameters": [{"name": "locator", "value": "('name', 'Пароль')"}, {"name": "timeout", "value": "10"}], "start": 1721928039511, "stop": 1721928039600}], "parameters": [{"name": "locator", "value": "('name', 'Пароль')"}, {"name": "text", "value": "'aapgyxocsk'"}], "start": 1721928039511, "stop": 1721928039711}, {"name": "Кликаем по элементу", "status": "passed", "parameters": [{"name": "locator", "value": "('xpath', \"//button[text()='Войти']\")"}], "start": 1721928039711, "stop": 1721928040183}], "parameters": [{"name": "email", "value": "'zskkvsjnxx@yandex.ru'"}, {"name": "password", "value": "'aapgyxocsk'"}], "start": 1721928039182, "stop": 1721928040183}, {"name": "Ждём перехода на главную страницу", "status": "passed", "steps": [{"name": "Находим элемент", "status": "passed", "parameters": [{"name": "locator", "value": "('xpath', \"//h1[text()='Соберите бургер']\")"}, {"name": "timeout", "value": "10"}], "start": 1721928040183, "stop": 1721928040322}], "start": 1721928040183, "stop": 1721928040322}, {"name": "Добавляем ингредиент в заказ", "status": "passed", "steps": [{"name": "Перетаскиваем элемент", "status": "passed", "steps": [{"name": "Находим элемент", "status": "passed", "parameters": [{"name": "locator", "value": "('xpath', \".//a[@href='/ingredient/61c0c5a71d1f82001bdaaa6d']\")"}, {"name": "timeout", "value": "10"}], "start": 1721928040323, "stop": 1721928040352}, {"name": "Находим элемент", "status": "passed", "parameters": [{"name": "locator", "value": "('xpath', \".//ul[contains(@class, 'BurgerConstructor_basket__list')]\")"}, {"name": "timeout", "value": "10"}], "start": 1721928040352, "stop": 1721928040371}], "parameters": [{"name": "src_locator", "value": "('xpath', \".//a[@href='/ingredient/61c0c5a71d1f82001bdaaa6d']\")"}, {"name": "dst_locator", "value": "('xpath', \".//ul[contains(@class, 'BurgerConstructor_basket__list')]\")"}], "start": 1721928040323, "stop": 1721928040946}], "parameters": [{"name": "ingredient_hash", "value": "'61c0c5a71d1f82001bdaaa6d'"}], "start": 1721928040322, "stop": 1721928040946}, {"name": "Кликаем по кнопке \"Оформить заказ\"", "status": "passed", "steps": [{"name": "Кликаем по элементу", "status": "passed", "parameters": [{"name": "locator", "value": "('xpath', \".//button[text() = 'Оформить заказ']\")"}], "start": 1721928040946, "stop": 1721928041278}], "start": 1721928040946, "stop": 1721928041278}, {"name": "Получаем id заказа", "status": "broken", "statusDetails": {"message": "selenium.common.exceptions.TimeoutException: Message: \n\n", "trace": "  File \"C:\\Users\\Laffy\\PycharmProjects\\Diplom_3\\.venv\\Lib\\site-packages\\allure_commons\\_allure.py\", line 192, in impl\n    return func(*a, **kw)\n           ^^^^^^^^^^^^^^\n  File \"C:\\Users\\Laffy\\PycharmProjects\\Diplom_3\\pages\\main_page.py\", line 64, in get_order_id\n    return self.wait_correct_order_number(locators.ORDER_NUMBER)\n           ^^^^^^^^^^^^^^^^^^^^^^^^^^^^^^^^^^^^^^^^^^^^^^^^^^^^^\n  File \"C:\\Users\\Laffy\\PycharmProjects\\Diplom_3\\pages\\base_page.py\", line 62, in wait_correct_order_number\n    WebDriverWait(self.driver, 30).until_not(\n  File \"C:\\Users\\Laffy\\AppData\\Local\\Programs\\Python\\Python312\\Lib\\site-packages\\selenium\\webdriver\\support\\wait.py\", line 128, in until_not\n    raise TimeoutException(message)\n"}, "start": 1721928041278, "stop": 1721928071460}], "parameters": [{"name": "driver", "value": "'firefox'"}], "start": 1721928038590, "stop": 1721928071488, "uuid": "ded9744b-dd78-472b-8972-fd329bc40f38", "historyId": "4e09ba414ac2bc195801dc8d447ffe0e", "testCaseId": "ee73ece0020dc75343341426ca47f44e", "fullName": "tests.test_orders_feed_page.TestsOrdersFeedPage#test_order_is_in_work_list", "labels": [{"name": "suite", "value": "Тесты ленты заказов"}, {"name": "parentSuite", "value": "tests"}, {"name": "subSuite", "value": "TestsOrdersFeedPage"}, {"name": "host", "value": "LAPTOP-VA807S6M"}, {"name": "thread", "value": "87788-MainThread"}, {"name": "framework", "value": "pytest"}, {"name": "language", "value": "cpython3"}, {"name": "package", "value": "tests.test_orders_feed_page"}]}