{"name": "Переход на страницу заказов", "status": "broken", "statusDetails": {"message": "selenium.common.exceptions.ElementClickInterceptedException: Message: element click intercepted: Element <p class=\"AppHeader_header__linkText__3q_va ml-2\">...</p> is not clickable at point (401, 44). Other element would receive the click: <div class=\"Modal_modal_overlay__x2ZCr\"></div>\n  (Session info: chrome=126.0.6478.182)\nStacktrace:\n\tGetHandleVerifier [0x00007FF7AA971F52+60322]\n\t(No symbol) [0x00007FF7AA8ECEC9]\n\t(No symbol) [0x00007FF7AA7A7EBA]\n\t(No symbol) [0x00007FF7AA7FF32E]\n\t(No symbol) [0x00007FF7AA7FCCF2]\n\t(No symbol) [0x00007FF7AA7FA18B]\n\t(No symbol) [0x00007FF7AA7F9356]\n\t(No symbol) [0x00007FF7AA7EB491]\n\t(No symbol) [0x00007FF7AA81C21A]\n\t(No symbol) [0x00007FF7AA7EADB6]\n\t(No symbol) [0x00007FF7AA81C430]\n\t(No symbol) [0x00007FF7AA83BC80]\n\t(No symbol) [0x00007FF7AA81BFC3]\n\t(No symbol) [0x00007FF7AA7E9617]\n\t(No symbol) [0x00007FF7AA7EA211]\n\tGetHandleVerifier [0x00007FF7AAC894AD+3301629]\n\tGetHandleVerifier [0x00007FF7AACD36D3+3605283]\n\tGetHandleVerifier [0x00007FF7AACC9450+3563680]\n\tGetHandleVerifier [0x00007FF7AAA24326+790390]\n\t(No symbol) [0x00007FF7AA8F750F]\n\t(No symbol) [0x00007FF7AA8F3404]\n\t(No symbol) [0x00007FF7AA8F3592]\n\t(No symbol) [0x00007FF7AA8E2F9F]\n\tBaseThreadInitThunk [0x00007FFFB226257D+29]\n\tRtlUserThreadStart [0x00007FFFB3B8AF28+40]", "trace": "self = <tests.test_transitions.TestTransitions object at 0x000002369169B9E0>, header_page = <pages.header_page.HeaderPage object at 0x0000023691699550>\norders_feed_page = <pages.orders_feed_page.OrdersFeedPage object at 0x00000236916C7320>\n\n    @allure.title('Переход на страницу заказов')\n    @allure.description('Переходим на страницу Ленты заказов, кликая по ссылке в хедере страницы, '\n                        'проверяем, что перешли на страницу ленты')\n    def test_go_to_orders_feed(self, header_page, orders_feed_page):\n>       header_page.move_to_orders_feed()\n\ntests\\test_transitions.py:11: \n_ _ _ _ _ _ _ _ _ _ _ _ _ _ _ _ _ _ _ _ _ _ _ _ _ _ _ _ _ _ _ _ _ _ _ _ _ _ _ _ _ _ _ _ _ _ _ _ _ _ _ _ _ _ _ _ _ _ _ _ _ _ _ _ _ _ _ _ _ _ _ _ _ _ _ _ _ _ _ _ _ _ _ _ _ _ _ _ _ _\npages\\header_page.py:12: in move_to_orders_feed\n    self.click_to_element(locators.ORDERS_FEED_HEADER)\npages\\base_page.py:23: in click_to_element\n    self.driver.find_element(*locator).click()\n..\\..\\AppData\\Local\\Programs\\Python\\Python312\\Lib\\site-packages\\selenium\\webdriver\\remote\\webelement.py:94: in click\n    self._execute(Command.CLICK_ELEMENT)\n..\\..\\AppData\\Local\\Programs\\Python\\Python312\\Lib\\site-packages\\selenium\\webdriver\\remote\\webelement.py:395: in _execute\n    return self._parent.execute(command, params)\n..\\..\\AppData\\Local\\Programs\\Python\\Python312\\Lib\\site-packages\\selenium\\webdriver\\remote\\webdriver.py:347: in execute\n    self.error_handler.check_response(response)\n_ _ _ _ _ _ _ _ _ _ _ _ _ _ _ _ _ _ _ _ _ _ _ _ _ _ _ _ _ _ _ _ _ _ _ _ _ _ _ _ _ _ _ _ _ _ _ _ _ _ _ _ _ _ _ _ _ _ _ _ _ _ _ _ _ _ _ _ _ _ _ _ _ _ _ _ _ _ _ _ _ _ _ _ _ _ _ _ _ _\n\nself = <selenium.webdriver.remote.errorhandler.ErrorHandler object at 0x000002369167FC50>\nresponse = {'status': 400, 'value': '{\"value\":{\"error\":\"element click intercepted\",\"message\":\"element click intercepted: Element ...07FF7AA8E2F9F]\\\\n\\\\tBaseThreadInitThunk [0x00007FFFB226257D+29]\\\\n\\\\tRtlUserThreadStart [0x00007FFFB3B8AF28+40]\\\\n\"}}'}\n\n    def check_response(self, response: Dict[str, Any]) -> None:\n        \"\"\"Checks that a JSON response from the WebDriver does not have an\n        error.\n    \n        :Args:\n         - response - The JSON response from the WebDriver server as a dictionary\n           object.\n    \n        :Raises: If the response contains an error message.\n        \"\"\"\n        status = response.get(\"status\", None)\n        if not status or status == ErrorCode.SUCCESS:\n            return\n        value = None\n        message = response.get(\"message\", \"\")\n        screen: str = response.get(\"screen\", \"\")\n        stacktrace = None\n        if isinstance(status, int):\n            value_json = response.get(\"value\", None)\n            if value_json and isinstance(value_json, str):\n                import json\n    \n                try:\n                    value = json.loads(value_json)\n                    if len(value) == 1:\n                        value = value[\"value\"]\n                    status = value.get(\"error\", None)\n                    if not status:\n                        status = value.get(\"status\", ErrorCode.UNKNOWN_ERROR)\n                        message = value.get(\"value\") or value.get(\"message\")\n                        if not isinstance(message, str):\n                            value = message\n                            message = message.get(\"message\")\n                    else:\n                        message = value.get(\"message\", None)\n                except ValueError:\n                    pass\n    \n        exception_class: Type[WebDriverException]\n        e = ErrorCode()\n        error_codes = [item for item in dir(e) if not item.startswith(\"__\")]\n        for error_code in error_codes:\n            error_info = getattr(ErrorCode, error_code)\n            if isinstance(error_info, list) and status in error_info:\n                exception_class = getattr(ExceptionMapping, error_code, WebDriverException)\n                break\n        else:\n            exception_class = WebDriverException\n    \n        if not value:\n            value = response[\"value\"]\n        if isinstance(value, str):\n            raise exception_class(value)\n        if message == \"\" and \"message\" in value:\n            message = value[\"message\"]\n    \n        screen = None  # type: ignore[assignment]\n        if \"screen\" in value:\n            screen = value[\"screen\"]\n    \n        stacktrace = None\n        st_value = value.get(\"stackTrace\") or value.get(\"stacktrace\")\n        if st_value:\n            if isinstance(st_value, str):\n                stacktrace = st_value.split(\"\\n\")\n            else:\n                stacktrace = []\n                try:\n                    for frame in st_value:\n                        line = frame.get(\"lineNumber\", \"\")\n                        file = frame.get(\"fileName\", \"<anonymous>\")\n                        if line:\n                            file = f\"{file}:{line}\"\n                        meth = frame.get(\"methodName\", \"<anonymous>\")\n                        if \"className\" in frame:\n                            meth = f\"{frame['className']}.{meth}\"\n                        msg = \"    at %s (%s)\"\n                        msg = msg % (meth, file)\n                        stacktrace.append(msg)\n                except TypeError:\n                    pass\n        if exception_class == UnexpectedAlertPresentException:\n            alert_text = None\n            if \"data\" in value:\n                alert_text = value[\"data\"].get(\"text\")\n            elif \"alert\" in value:\n                alert_text = value[\"alert\"].get(\"text\")\n            raise exception_class(message, screen, stacktrace, alert_text)  # type: ignore[call-arg]  # mypy is not smart enough here\n>       raise exception_class(message, screen, stacktrace)\nE       selenium.common.exceptions.ElementClickInterceptedException: Message: element click intercepted: Element <p class=\"AppHeader_header__linkText__3q_va ml-2\">...</p> is not clickable at point (401, 44). Other element would receive the click: <div class=\"Modal_modal_overlay__x2ZCr\"></div>\nE         (Session info: chrome=126.0.6478.182)\nE       Stacktrace:\nE       \tGetHandleVerifier [0x00007FF7AA971F52+60322]\nE       \t(No symbol) [0x00007FF7AA8ECEC9]\nE       \t(No symbol) [0x00007FF7AA7A7EBA]\nE       \t(No symbol) [0x00007FF7AA7FF32E]\nE       \t(No symbol) [0x00007FF7AA7FCCF2]\nE       \t(No symbol) [0x00007FF7AA7FA18B]\nE       \t(No symbol) [0x00007FF7AA7F9356]\nE       \t(No symbol) [0x00007FF7AA7EB491]\nE       \t(No symbol) [0x00007FF7AA81C21A]\nE       \t(No symbol) [0x00007FF7AA7EADB6]\nE       \t(No symbol) [0x00007FF7AA81C430]\nE       \t(No symbol) [0x00007FF7AA83BC80]\nE       \t(No symbol) [0x00007FF7AA81BFC3]\nE       \t(No symbol) [0x00007FF7AA7E9617]\nE       \t(No symbol) [0x00007FF7AA7EA211]\nE       \tGetHandleVerifier [0x00007FF7AAC894AD+3301629]\nE       \tGetHandleVerifier [0x00007FF7AACD36D3+3605283]\nE       \tGetHandleVerifier [0x00007FF7AACC9450+3563680]\nE       \tGetHandleVerifier [0x00007FF7AAA24326+790390]\nE       \t(No symbol) [0x00007FF7AA8F750F]\nE       \t(No symbol) [0x00007FF7AA8F3404]\nE       \t(No symbol) [0x00007FF7AA8F3592]\nE       \t(No symbol) [0x00007FF7AA8E2F9F]\nE       \tBaseThreadInitThunk [0x00007FFFB226257D+29]\nE       \tRtlUserThreadStart [0x00007FFFB3B8AF28+40]\n\n..\\..\\AppData\\Local\\Programs\\Python\\Python312\\Lib\\site-packages\\selenium\\webdriver\\remote\\errorhandler.py:229: ElementClickInterceptedException"}, "description": "Переходим на страницу Ленты заказов, кликая по ссылке в хедере страницы, проверяем, что перешли на страницу ленты", "steps": [{"name": "Переходим на страницу \"Лента заказов\" по заголовку в хедере", "status": "broken", "statusDetails": {"message": "selenium.common.exceptions.ElementClickInterceptedException: Message: element click intercepted: Element <p class=\"AppHeader_header__linkText__3q_va ml-2\">...</p> is not clickable at point (401, 44). Other element would receive the click: <div class=\"Modal_modal_overlay__x2ZCr\"></div>\n  (Session info: chrome=126.0.6478.182)\nStacktrace:\n\tGetHandleVerifier [0x00007FF7AA971F52+60322]\n\t(No symbol) [0x00007FF7AA8ECEC9]\n\t(No symbol) [0x00007FF7AA7A7EBA]\n\t(No symbol) [0x00007FF7AA7FF32E]\n\t(No symbol) [0x00007FF7AA7FCCF2]\n\t(No symbol) [0x00007FF7AA7FA18B]\n\t(No symbol) [0x00007FF7AA7F9356]\n\t(No symbol) [0x00007FF7AA7EB491]\n\t(No symbol) [0x00007FF7AA81C21A]\n\t(No symbol) [0x00007FF7AA7EADB6]\n\t(No symbol) [0x00007FF7AA81C430]\n\t(No symbol) [0x00007FF7AA83BC80]\n\t(No symbol) [0x00007FF7AA81BFC3]\n\t(No symbol) [0x00007FF7AA7E9617]\n\t(No symbol) [0x00007FF7AA7EA211]\n\tGetHandleVerifier [0x00007FF7AAC894AD+3301629]\n\tGetHandleVerifier [0x00007FF7AACD36D3+3605283]\n\tGetHandleVerifier [0x00007FF7AACC9450+3563680]\n\tGetHandleVerifier [0x00007FF7AAA24326+790390]\n\t(No symbol) [0x00007FF7AA8F750F]\n\t(No symbol) [0x00007FF7AA8F3404]\n\t(No symbol) [0x00007FF7AA8F3592]\n\t(No symbol) [0x00007FF7AA8E2F9F]\n\tBaseThreadInitThunk [0x00007FFFB226257D+29]\n\tRtlUserThreadStart [0x00007FFFB3B8AF28+40]\n\n", "trace": "  File \"C:\\Users\\Laffy\\PycharmProjects\\Diplom_3\\.venv\\Lib\\site-packages\\allure_commons\\_allure.py\", line 192, in impl\n    return func(*a, **kw)\n           ^^^^^^^^^^^^^^\n  File \"C:\\Users\\Laffy\\PycharmProjects\\Diplom_3\\pages\\header_page.py\", line 12, in move_to_orders_feed\n    self.click_to_element(locators.ORDERS_FEED_HEADER)\n  File \"C:\\Users\\Laffy\\PycharmProjects\\Diplom_3\\.venv\\Lib\\site-packages\\allure_commons\\_allure.py\", line 192, in impl\n    return func(*a, **kw)\n           ^^^^^^^^^^^^^^\n  File \"C:\\Users\\Laffy\\PycharmProjects\\Diplom_3\\pages\\base_page.py\", line 23, in click_to_element\n    self.driver.find_element(*locator).click()\n  File \"C:\\Users\\Laffy\\AppData\\Local\\Programs\\Python\\Python312\\Lib\\site-packages\\selenium\\webdriver\\remote\\webelement.py\", line 94, in click\n    self._execute(Command.CLICK_ELEMENT)\n  File \"C:\\Users\\Laffy\\AppData\\Local\\Programs\\Python\\Python312\\Lib\\site-packages\\selenium\\webdriver\\remote\\webelement.py\", line 395, in _execute\n    return self._parent.execute(command, params)\n           ^^^^^^^^^^^^^^^^^^^^^^^^^^^^^^^^^^^^^\n  File \"C:\\Users\\Laffy\\AppData\\Local\\Programs\\Python\\Python312\\Lib\\site-packages\\selenium\\webdriver\\remote\\webdriver.py\", line 347, in execute\n    self.error_handler.check_response(response)\n  File \"C:\\Users\\Laffy\\AppData\\Local\\Programs\\Python\\Python312\\Lib\\site-packages\\selenium\\webdriver\\remote\\errorhandler.py\", line 229, in check_response\n    raise exception_class(message, screen, stacktrace)\n"}, "steps": [{"name": "Кликаем по элементу", "status": "broken", "statusDetails": {"message": "selenium.common.exceptions.ElementClickInterceptedException: Message: element click intercepted: Element <p class=\"AppHeader_header__linkText__3q_va ml-2\">...</p> is not clickable at point (401, 44). Other element would receive the click: <div class=\"Modal_modal_overlay__x2ZCr\"></div>\n  (Session info: chrome=126.0.6478.182)\nStacktrace:\n\tGetHandleVerifier [0x00007FF7AA971F52+60322]\n\t(No symbol) [0x00007FF7AA8ECEC9]\n\t(No symbol) [0x00007FF7AA7A7EBA]\n\t(No symbol) [0x00007FF7AA7FF32E]\n\t(No symbol) [0x00007FF7AA7FCCF2]\n\t(No symbol) [0x00007FF7AA7FA18B]\n\t(No symbol) [0x00007FF7AA7F9356]\n\t(No symbol) [0x00007FF7AA7EB491]\n\t(No symbol) [0x00007FF7AA81C21A]\n\t(No symbol) [0x00007FF7AA7EADB6]\n\t(No symbol) [0x00007FF7AA81C430]\n\t(No symbol) [0x00007FF7AA83BC80]\n\t(No symbol) [0x00007FF7AA81BFC3]\n\t(No symbol) [0x00007FF7AA7E9617]\n\t(No symbol) [0x00007FF7AA7EA211]\n\tGetHandleVerifier [0x00007FF7AAC894AD+3301629]\n\tGetHandleVerifier [0x00007FF7AACD36D3+3605283]\n\tGetHandleVerifier [0x00007FF7AACC9450+3563680]\n\tGetHandleVerifier [0x00007FF7AAA24326+790390]\n\t(No symbol) [0x00007FF7AA8F750F]\n\t(No symbol) [0x00007FF7AA8F3404]\n\t(No symbol) [0x00007FF7AA8F3592]\n\t(No symbol) [0x00007FF7AA8E2F9F]\n\tBaseThreadInitThunk [0x00007FFFB226257D+29]\n\tRtlUserThreadStart [0x00007FFFB3B8AF28+40]\n\n", "trace": "  File \"C:\\Users\\Laffy\\PycharmProjects\\Diplom_3\\.venv\\Lib\\site-packages\\allure_commons\\_allure.py\", line 192, in impl\n    return func(*a, **kw)\n           ^^^^^^^^^^^^^^\n  File \"C:\\Users\\Laffy\\PycharmProjects\\Diplom_3\\pages\\base_page.py\", line 23, in click_to_element\n    self.driver.find_element(*locator).click()\n  File \"C:\\Users\\Laffy\\AppData\\Local\\Programs\\Python\\Python312\\Lib\\site-packages\\selenium\\webdriver\\remote\\webelement.py\", line 94, in click\n    self._execute(Command.CLICK_ELEMENT)\n  File \"C:\\Users\\Laffy\\AppData\\Local\\Programs\\Python\\Python312\\Lib\\site-packages\\selenium\\webdriver\\remote\\webelement.py\", line 395, in _execute\n    return self._parent.execute(command, params)\n           ^^^^^^^^^^^^^^^^^^^^^^^^^^^^^^^^^^^^^\n  File \"C:\\Users\\Laffy\\AppData\\Local\\Programs\\Python\\Python312\\Lib\\site-packages\\selenium\\webdriver\\remote\\webdriver.py\", line 347, in execute\n    self.error_handler.check_response(response)\n  File \"C:\\Users\\Laffy\\AppData\\Local\\Programs\\Python\\Python312\\Lib\\site-packages\\selenium\\webdriver\\remote\\errorhandler.py\", line 229, in check_response\n    raise exception_class(message, screen, stacktrace)\n"}, "parameters": [{"name": "locator", "value": "('xpath', \"//p[text()='Лента Заказов']\")"}], "start": 1721927202557, "stop": 1721927203718}], "start": 1721927202555, "stop": 1721927203849}], "attachments": [{"name": "log", "source": "b897e99b-3099-4f21-8ae6-f1dddd1d2c1a-attachment.txt", "type": "text/plain"}], "parameters": [{"name": "driver", "value": "'chrome'"}], "start": 1721927202555, "stop": 1721927203855, "uuid": "fdb6c5ca-03cb-4920-b61a-26b67cb37917", "historyId": "5bd8e514e52df089d3df3deb07c217f8", "testCaseId": "d2d42afbecdc43801693970c5c1af01c", "fullName": "tests.test_transitions.TestTransitions#test_go_to_orders_feed", "labels": [{"name": "suite", "value": "Тесты переходов между страницами"}, {"name": "parentSuite", "value": "tests"}, {"name": "subSuite", "value": "TestTransitions"}, {"name": "host", "value": "LAPTOP-VA807S6M"}, {"name": "thread", "value": "87952-MainThread"}, {"name": "framework", "value": "pytest"}, {"name": "language", "value": "cpython3"}, {"name": "package", "value": "tests.test_transitions"}]}